This file contains any messages produced by compilers while
running configure, to aid debugging if configure makes a mistake.

It was created by "Test LLVM Project" configure "0.01", which was
generated by GNU Autoconf 2.64.  Invocation command line was

  $ ./configure 

## --------- ##
## Platform. ##
## --------- ##

hostname = jonathan-tangs-macbook-pro.local
uname -m = i386
uname -r = 9.7.1
uname -s = Darwin
uname -v = Darwin Kernel Version 9.7.1: Thu Apr 23 13:52:18 PDT 2009; root:xnu-1228.14.1~1/RELEASE_I386

/usr/bin/uname -p = i386
/bin/uname -X     = unknown

/bin/arch              = unknown
/usr/bin/arch -k       = unknown
/usr/convex/getsysinfo = unknown
/usr/bin/hostinfo      = Mach kernel version:
	 Darwin Kernel Version 9.7.1: Thu Apr 23 13:52:18 PDT 2009; root:xnu-1228.14.1~1/RELEASE_I386
Kernel configured for up to 2 processors.
2 processors are physically available.
2 processors are logically available.
Processor type: i486 (Intel 80486)
Processors active: 0 1
Primary memory available: 4.00 gigabytes
Default processor set: 57 tasks, 269 threads, 2 processors
Load average: 0.22, Mach factor: 1.77
/bin/machine           = unknown
/usr/bin/oslevel       = unknown
/bin/universe          = unknown

PATH: /opt/local/bin
PATH: /opt/local/sbin
PATH: /usr/bin
PATH: /bin
PATH: /usr/sbin
PATH: /sbin
PATH: /usr/local/bin
PATH: /usr/X11/bin


## ----------- ##
## Core tests. ##
## ----------- ##

configure:1867: creating ./config.status

## ---------------------- ##
## Running config.status. ##
## ---------------------- ##

config.status:729: creating Makefile.common
config.status:881: executing setup commands
config.status:881: executing Makefile commands
config.status:881: executing lib/Makefile commands
config.status:881: executing lib/sample/Makefile commands
config.status:881: executing tools/Makefile commands
config.status:881: executing tools/sample/Makefile commands

## ---------------- ##
## Cache variables. ##
## ---------------- ##

ac_cv_env_build_alias_set=
ac_cv_env_build_alias_value=
ac_cv_env_host_alias_set=
ac_cv_env_host_alias_value=
ac_cv_env_target_alias_set=
ac_cv_env_target_alias_value=

## ----------------- ##
## Output variables. ##
## ----------------- ##

DEFS='-DPACKAGE_NAME=\"\"Test\ LLVM\ Project\"\" -DPACKAGE_TARNAME=\"-test-llvm-project-\" -DPACKAGE_VERSION=\"\"0.01\"\" -DPACKAGE_STRING=\"\"Test\ LLVM\ Project\"\ \"0.01\"\" -DPACKAGE_BUGREPORT=\"\"jonathan.d.tang@gmail.com\"\" -DPACKAGE_URL=\"\"'
ECHO_C='\c'
ECHO_N=''
ECHO_T=''
LIBOBJS=''
LIBS=''
LLVM_OBJ='/opt/local/lib/llvm/src'
LLVM_SRC='/opt/local/lib/llvm/src'
LTLIBOBJS=''
PACKAGE_BUGREPORT='"jonathan.d.tang@gmail.com"'
PACKAGE_NAME='"Test LLVM Project"'
PACKAGE_STRING='"Test LLVM Project" "0.01"'
PACKAGE_TARNAME='-test-llvm-project-'
PACKAGE_URL=''
PACKAGE_VERSION='"0.01"'
PATH_SEPARATOR=':'
SHELL='/bin/sh'
bindir='${exec_prefix}/bin'
build_alias=''
datadir='${datarootdir}'
datarootdir='${prefix}/share'
docdir='${datarootdir}/doc/${PACKAGE_TARNAME}'
dvidir='${docdir}'
exec_prefix='${prefix}'
host_alias=''
htmldir='${docdir}'
includedir='${prefix}/include'
infodir='${datarootdir}/info'
libdir='${exec_prefix}/lib'
libexecdir='${exec_prefix}/libexec'
localedir='${datarootdir}/locale'
localstatedir='${prefix}/var'
mandir='${datarootdir}/man'
oldincludedir='/usr/include'
pdfdir='${docdir}'
prefix='/usr/local'
program_transform_name='s,x,x,'
psdir='${docdir}'
sbindir='${exec_prefix}/sbin'
sharedstatedir='${prefix}/com'
sysconfdir='${prefix}/etc'
target_alias=''

## ----------- ##
## confdefs.h. ##
## ----------- ##

/* confdefs.h */
#define PACKAGE_NAME ""Test LLVM Project""
#define PACKAGE_TARNAME "-test-llvm-project-"
#define PACKAGE_VERSION ""0.01""
#define PACKAGE_STRING ""Test LLVM Project" "0.01""
#define PACKAGE_BUGREPORT ""jonathan.d.tang@gmail.com""
#define PACKAGE_URL ""

configure: exit 0
