This file contains any messages produced by compilers while
running configure, to aid debugging if configure makes a mistake.

It was created by [Test Bitcode Reader] configure [0.01], which was
generated by GNU Autoconf 2.61.  Invocation command line was

  $ ./configure 

## --------- ##
## Platform. ##
## --------- ##

hostname = ubuntu710desktop
uname -m = i686
uname -r = 2.6.22-14-generic
uname -s = Linux
uname -v = #1 SMP Tue Feb 12 07:42:25 UTC 2008

/usr/bin/uname -p = unknown
/bin/uname -X     = unknown

/bin/arch              = unknown
/usr/bin/arch -k       = unknown
/usr/convex/getsysinfo = unknown
/usr/bin/hostinfo      = unknown
/bin/machine           = unknown
/usr/bin/oslevel       = unknown
/bin/universe          = unknown

PATH: /home/jonathan/bin
PATH: /home/jonathan/bin
PATH: /usr/local/sbin
PATH: /usr/local/bin
PATH: /usr/sbin
PATH: /usr/bin
PATH: /sbin
PATH: /bin
PATH: /usr/games


## ----------- ##
## Core tests. ##
## ----------- ##

configure:1847: creating ./config.status

## ---------------------- ##
## Running config.status. ##
## ---------------------- ##

This file was extended by [Test Bitcode Reader] config.status [0.01], which was
generated by GNU Autoconf 2.61.  Invocation command line was

  CONFIG_FILES    = 
  CONFIG_HEADERS  = 
  CONFIG_LINKS    = 
  CONFIG_COMMANDS = 
  $ ./config.status 

on ubuntu710desktop

config.status:582: creating Makefile.common
config.status:762: executing setup commands
config.status:762: executing Makefile commands
config.status:762: executing lib/Makefile commands
config.status:762: executing lib/sample/Makefile commands
config.status:762: executing tools/Makefile commands
config.status:762: executing tools/sample/Makefile commands

## ---------------- ##
## Cache variables. ##
## ---------------- ##

ac_cv_env_build_alias_set=
ac_cv_env_build_alias_value=
ac_cv_env_host_alias_set=
ac_cv_env_host_alias_value=
ac_cv_env_target_alias_set=
ac_cv_env_target_alias_value=

## ----------------- ##
## Output variables. ##
## ----------------- ##

DEFS='-DPACKAGE_NAME=\"\[Test\ Bitcode\ Reader\]\" -DPACKAGE_TARNAME=\"--test-bitcode-reader--\" -DPACKAGE_VERSION=\"\[0.01\]\" -DPACKAGE_STRING=\"\[Test\ Bitcode\ Reader\]\ \[0.01\]\" -DPACKAGE_BUGREPORT=\"jonathan.d.tang@gmail.com\"'
ECHO_C=''
ECHO_N='-n'
ECHO_T=''
LIBOBJS=''
LIBS=''
LLVM_OBJ='/home/jonathan/software/llvm-2.3/'
LLVM_SRC='/home/jonathan/software/llvm-2.3/'
LTLIBOBJS=''
PACKAGE_BUGREPORT='jonathan.d.tang@gmail.com'
PACKAGE_NAME='[Test Bitcode Reader]'
PACKAGE_STRING='[Test Bitcode Reader] [0.01]'
PACKAGE_TARNAME='--test-bitcode-reader--'
PACKAGE_VERSION='[0.01]'
PATH_SEPARATOR=':'
SHELL='/bin/bash'
bindir='${exec_prefix}/bin'
build_alias=''
datadir='${datarootdir}'
datarootdir='${prefix}/share'
docdir='${datarootdir}/doc/${PACKAGE_TARNAME}'
dvidir='${docdir}'
exec_prefix='${prefix}'
host_alias=''
htmldir='${docdir}'
includedir='${prefix}/include'
infodir='${datarootdir}/info'
libdir='${exec_prefix}/lib'
libexecdir='${exec_prefix}/libexec'
localedir='${datarootdir}/locale'
localstatedir='${prefix}/var'
mandir='${datarootdir}/man'
oldincludedir='/usr/include'
pdfdir='${docdir}'
prefix='/usr/local'
program_transform_name='s,x,x,'
psdir='${docdir}'
sbindir='${exec_prefix}/sbin'
sharedstatedir='${prefix}/com'
sysconfdir='${prefix}/etc'
target_alias=''

## ----------- ##
## confdefs.h. ##
## ----------- ##

#define PACKAGE_NAME "[Test Bitcode Reader]"
#define PACKAGE_TARNAME "--test-bitcode-reader--"
#define PACKAGE_VERSION "[0.01]"
#define PACKAGE_STRING "[Test Bitcode Reader] [0.01]"
#define PACKAGE_BUGREPORT "jonathan.d.tang@gmail.com"

configure: exit 0
